Arguments: 
  C:\Program Files\nodejs\node.exe C:\Program Files (x86)\Yarn\bin\yarn.js

PATH: 
  C:\Users\laguna\bin;C:\Program Files\Git\mingw64\bin;C:\Program Files\Git\usr\local\bin;C:\Program Files\Git\usr\bin;C:\Program Files\Git\usr\bin;C:\Program Files\Git\mingw64\bin;C:\Program Files\Git\usr\bin;C:\Users\laguna\bin;C:\Program Files (x86)\Common Files\Oracle\Java\javapath;C:\WINDOWS\system32;C:\WINDOWS;C:\WINDOWS\System32\Wbem;C:\WINDOWS\System32\WindowsPowerShell\v1.0;C:\WINDOWS\System32\OpenSSH;C:\Program Files\Git\cmd;C:\Program Files (x86)\Yarn\bin;C:\Program Files (x86)\Microsoft SQL Server\150\DTS\Binn;E:\Server\xamp\php;C:\Program Files\SourceGear\Common\DiffMerge;C:\Program Files\nodejs;C:\Users\laguna\AppData\Local\Microsoft\WindowsApps;C:\Users\laguna\AppData\Local\atom\bin;C:\Users\laguna\AppData\Local\Yarn\bin;C:\Users\laguna\AppData\Local\Programs\Microsoft VS Code\bin;C:\xampp\php;C:\Users\laguna\AppData\Roaming\npm;C:\Program Files\Git\usr\bin\vendor_perl;C:\Program Files\Git\usr\bin\core_perl

Yarn version: 
  1.22.5

Node version: 
  12.22.1

Platform: 
  win32 x64

Trace: 
  SyntaxError: G:\Self\ivankozlo.com\package.json: Unexpected token } in JSON at position 442
      at JSON.parse (<anonymous>)
      at C:\Program Files (x86)\Yarn\lib\cli.js:1625:59
      at Generator.next (<anonymous>)
      at step (C:\Program Files (x86)\Yarn\lib\cli.js:310:30)
      at C:\Program Files (x86)\Yarn\lib\cli.js:321:13

npm manifest: 
  {
    "name": "ivankozlo.com",
    "version": "1.0.0",
    "description": "Personal website",
    "main": "index.js",
    "scripts": {
      "test": "echo \"Error: no test specified\" && exit 1"
    },
    "repository": {
      "type": "git",
      "url": "github.com/ivankozlo/ivankozlo.com"
    },
    "keywords": [
      "Ivan",
      "Kozlov"
    ],
    "author": "@ivankozlo",
    "license": "MIT",
    "dependencies": {
      "cors": "^2.8.5",
      "express": "^4.17.1"
    },
  }

yarn manifest: 
  No manifest

Lockfile: 
  No lockfile
